Detecting adapter sequence for read1...
No adapter detected for read1

Detecting adapter sequence for read2...
No adapter detected for read2

Read1 before filtering:
total reads: 1869879
total bases: 224385480
Q20 bases: 224385480(100%)
Q30 bases: 224385480(100%)

Read2 before filtering:
total reads: 1869879
total bases: 224385480
Q20 bases: 224385480(100%)
Q30 bases: 224385480(100%)

Read1 after filtering:
total reads: 1869587
total bases: 224318269
Q20 bases: 224318269(100%)
Q30 bases: 224318269(100%)

Read2 after filtering:
total reads: 1869587
total bases: 224318269
Q20 bases: 224318269(100%)
Q30 bases: 224318269(100%)

Filtering result:
reads passed filter: 3739174
reads failed due to low quality: 0
reads failed due to too many N: 584
reads failed due to too short: 0
reads with adapter trimmed: 19524
bases trimmed due to adapters: 64342

Duplication rate: 0.184343%

Insert size peak (evaluated by paired-end reads): 175

JSON report: ./output/fastp/SRR28714678.fastp.json
HTML report: ./output/fastp/SRR28714678.fastp.html

fastp --in1 ./raw/SRR28714678_1.fastq.gz --in2 ./raw/SRR28714678_2.fastq.gz --out1 ./output/fastp/SRR28714678_1.fastp.fastq.gz --out2 ./output/fastp/SRR28714678_2.fastp.fastq.gz --json ./output/fastp/SRR28714678.fastp.json --html ./output/fastp/SRR28714678.fastp.html --thread 4 --detect_adapter_for_pe --overrepresentation_analysis 
fastp v0.23.2, time used: 52 seconds
